2022-08-04 23:00:38,658 -  start program at : 2022-08-04 23:00:38.658549
2022-08-04 23:00:38,658 -  ---------------------------------------------------------------------
2022-08-04 23:00:38,658 -  ----------------------------- start software ------------------------
2022-08-04 23:00:38,659 -  ---------------------------------------------------------------------
2022-08-04 23:00:38,659 -  Start software -23:00:38
2022-08-04 23:00:40,256 - kucoin PROFIT-23:00:40:BUY_BUY_SELL, USDC-USDT,TXA-USDC,TXA-USDT, Profit/Loss: 2.126 
2022-08-04 23:00:40,533 - Kucoin: USDC-USDT: real buy order done, struct is {'orderId': '62ec337859cfe300010e3fe9'}
2022-08-04 23:00:40,875 - Kucoin: TXA-USDC: real buy order done, struct is {'orderId': '62ec3378e64a5c0001c431d5'}
2022-08-04 23:00:41,117 - TXA-USDT: KucoinAPIException KucoinAPIException 200004: Balance insufficient!
2022-08-04 23:00:41,225 - kucoin PROFIT-23:00:41:BUY_BUY_SELL, USDC-USDT,SWFTC-USDC,SWFTC-USDT, Profit/Loss: 2.246 
2022-08-06 14:23:08,858 -  start program at : 2022-08-06 14:23:08.857706
2022-08-06 14:23:08,859 -  ---------------------------------------------------------------------
2022-08-06 14:23:08,859 -  ----------------------------- start software ------------------------
2022-08-06 14:23:08,859 -  ---------------------------------------------------------------------
2022-08-06 14:23:08,859 -  Start software -14:23:08
2022-08-06 14:23:10,160 - kucoin PROFIT-14:23:10:BUY_SELL_SELL, MAKI-USDT,MAKI-BTC,BTC-USDT, Profit/Loss: 2.09 
2022-08-06 14:23:10,480 - Kucoin: MAKI-USDT: real buy order done, struct is {'orderId': '62ee5d2ec72ac30001ef3def'}
2022-08-06 14:23:10,801 - Kucoin: MAKI-BTC: real sell order done, struct is {'orderId': '62ee5d2e637cc70001f619d9'}
2022-08-06 14:23:11,169 - BTC-USDT: KucoinAPIException KucoinAPIException 200004: Balance insufficient!
2022-08-06 14:36:04,526 -  start program at : 2022-08-06 14:36:04.525991
2022-08-06 14:36:04,526 -  ---------------------------------------------------------------------
2022-08-06 14:36:04,526 -  ----------------------------- start software ------------------------
2022-08-06 14:36:04,526 -  ---------------------------------------------------------------------
2022-08-06 14:36:04,526 -  Start software -14:36:04
2022-08-06 14:36:05,158 - kucoin PROFIT-14:36:05:BUY_BUY_SELL, ETH-USDT,UBX-ETH,UBX-USDT, Profit/Loss: 3.349 
2022-08-06 14:36:05,159 - Kucoin: ETH-USDT:fake order Buy done for a quantity of 0.01 ETH-USDT at price 1658.60545038
2022-08-06 14:36:05,160 - Kucoin: UBX-ETH:fake order Buy done for a quantity of 401944.0 UBX-ETH at price 3e-08
2022-08-06 14:36:05,161 - Kucoin: UBX-USDT:fake order Sell done for a quantity of 401944.0 UBX-USDT at price 5.809e-05
2022-08-06 14:36:05,383 - kucoin PROFIT-14:36:05:BUY_BUY_SELL, BTC-USDT,TEL-BTC,TEL-USDT, Profit/Loss: 2.959 
2022-08-06 14:36:05,384 - Kucoin: BTC-USDT:fake order Buy done for a quantity of 0.001 BTC-USDT at price 22973.24237015
2022-08-06 14:36:05,385 - Kucoin: TEL-BTC:fake order Buy done for a quantity of 14510.0 TEL-BTC at price 6e-08
2022-08-06 14:36:05,386 - Kucoin: TEL-USDT:fake order Sell done for a quantity of 14510.0 TEL-USDT at price 0.0015823
2022-08-06 14:50:04,461 -  start program at : 2022-08-06 14:50:04.461322
2022-08-06 14:50:04,461 -  ---------------------------------------------------------------------
2022-08-06 14:50:04,461 -  ----------------------------- start software ------------------------
2022-08-06 14:50:04,461 -  ---------------------------------------------------------------------
2022-08-06 14:50:04,461 -  Start software -14:50:04
2022-08-10 09:52:37,587 -  start program at : 2022-08-10 09:52:37.586900
2022-08-10 09:52:37,587 -  ---------------------------------------------------------------------
2022-08-10 09:52:37,588 -  ----------------------------- start software ------------------------
2022-08-10 09:52:37,588 -  ---------------------------------------------------------------------
2022-08-10 09:52:37,588 -  Start software -09:52:37
2022-08-10 09:54:16,201 -  start program at : 2022-08-10 09:54:16.201450
2022-08-10 09:54:16,201 -  ---------------------------------------------------------------------
2022-08-10 09:54:16,201 -  ----------------------------- start software ------------------------
2022-08-10 09:54:16,201 -  ---------------------------------------------------------------------
2022-08-10 09:54:16,201 -  Start software -09:54:16
2022-08-10 10:51:14,493 -  start program at : 2022-08-10 10:51:14.493754
2022-08-10 10:51:14,495 -  ---------------------------------------------------------------------
2022-08-10 10:51:14,495 -  ----------------------------- start software ------------------------
2022-08-10 10:51:14,495 -  ---------------------------------------------------------------------
2022-08-10 10:51:14,495 -  Start software -10:51:14
2022-08-10 21:36:03,547 - kucoin real order is True
2022-08-10 21:36:04,610 - Start software kucoin -21:36:04
2022-08-10 21:36:04,610 -  start program at : 2022-08-10 21:36:04.610330
2022-08-10 21:36:04,610 -  ---------------------------------------------------------------------
2022-08-10 21:36:04,610 -  ----------------------------- start software ------------------------
2022-08-10 21:36:04,610 -  ---------------------------------------------------------------------
2022-08-10 21:36:04,610 -  Start software -21:36:04
2022-08-10 21:36:04,961 - kucoin PROFIT-21:36:04:BUY_SELL_SELL, BCHSV-USDT,BCHSV-KCS,KCS-USDT, Profit/Loss: 2.798
2022-08-10 21:36:04,961 - time to perform calculation is 0.0016341209411621094
2022-08-10 21:36:04,961 - kucoin: initial amount is 25
2022-08-10 21:36:04,961 - kucoin: for BCHSV-USDT price is 61.513 and quantity is 0.406418155511843
2022-08-10 22:03:29,575 - binance real order is True
2022-08-10 22:03:32,289 - Start software binance -22:03:32
2022-08-10 22:03:32,289 -  start program at : 2022-08-10 22:03:32.289722
2022-08-10 22:03:32,289 -  ---------------------------------------------------------------------
2022-08-10 22:03:32,290 -  ----------------------------- start software ------------------------
2022-08-10 22:03:32,290 -  ---------------------------------------------------------------------
2022-08-10 22:03:32,290 -  Start software -22:03:32
